Determining if the pthread_create exist failed with the following output:
Change Dir: /workspace/mnt/storage/zhangziran/zhangzr2/motion_vector/build/CMakeFiles/CMakeTmp

Run Build Command:"/usr/bin/make" "cmTC_c7aef/fast"
/usr/bin/make -f CMakeFiles/cmTC_c7aef.dir/build.make CMakeFiles/cmTC_c7aef.dir/build
make[1]: Entering directory '/workspace/mnt/storage/zhangziran/zhangzr2/motion_vector/build/CMakeFiles/CMakeTmp'
Building C object CMakeFiles/cmTC_c7aef.dir/CheckSymbolExists.c.o
/usr/bin/x86_64-linux-gnu-gcc-7    -o CMakeFiles/cmTC_c7aef.dir/CheckSymbolExists.c.o   -c /workspace/mnt/storage/zhangziran/zhangzr2/motion_vector/build/CMakeFiles/CMakeTmp/CheckSymbolExists.c
Linking C executable cmTC_c7aef
/usr/bin/cmake -E cmake_link_script CMakeFiles/cmTC_c7aef.dir/link.txt --verbose=1
/usr/bin/x86_64-linux-gnu-gcc-7      -rdynamic CMakeFiles/cmTC_c7aef.dir/CheckSymbolExists.c.o  -o cmTC_c7aef 
CMakeFiles/cmTC_c7aef.dir/CheckSymbolExists.c.o: In function `main':
CheckSymbolExists.c:(.text+0x1b): undefined reference to `pthread_create'
collect2: error: ld returned 1 exit status
CMakeFiles/cmTC_c7aef.dir/build.make:97: recipe for target 'cmTC_c7aef' failed
make[1]: *** [cmTC_c7aef] Error 1
make[1]: Leaving directory '/workspace/mnt/storage/zhangziran/zhangzr2/motion_vector/build/CMakeFiles/CMakeTmp'
Makefile:126: recipe for target 'cmTC_c7aef/fast' failed
make: *** [cmTC_c7aef/fast] Error 2

File /workspace/mnt/storage/zhangziran/zhangzr2/motion_vector/build/CMakeFiles/CMakeTmp/CheckSymbolExists.c:
/* */
#include <pthread.h>

int main(int argc, char** argv)
{
  (void)argv;
#ifndef pthread_create
  return ((int*)(&pthread_create))[argc];
#else
  (void)argc;
  return 0;
#endif
}

Determining if the function pthread_create exists in the pthreads failed with the following output:
Change Dir: /workspace/mnt/storage/zhangziran/zhangzr2/motion_vector/build/CMakeFiles/CMakeTmp

Run Build Command:"/usr/bin/make" "cmTC_0158f/fast"
/usr/bin/make -f CMakeFiles/cmTC_0158f.dir/build.make CMakeFiles/cmTC_0158f.dir/build
make[1]: Entering directory '/workspace/mnt/storage/zhangziran/zhangzr2/motion_vector/build/CMakeFiles/CMakeTmp'
Building C object CMakeFiles/cmTC_0158f.dir/CheckFunctionExists.c.o
/usr/bin/x86_64-linux-gnu-gcc-7   -DCHECK_FUNCTION_EXISTS=pthread_create   -o CMakeFiles/cmTC_0158f.dir/CheckFunctionExists.c.o   -c /usr/share/cmake-3.10/Modules/CheckFunctionExists.c
Linking C executable cmTC_0158f
/usr/bin/cmake -E cmake_link_script CMakeFiles/cmTC_0158f.dir/link.txt --verbose=1
/usr/bin/x86_64-linux-gnu-gcc-7  -DCHECK_FUNCTION_EXISTS=pthread_create    -rdynamic CMakeFiles/cmTC_0158f.dir/CheckFunctionExists.c.o  -o cmTC_0158f -lpthreads 
/usr/bin/ld: cannot find -lpthreads
collect2: error: ld returned 1 exit status
CMakeFiles/cmTC_0158f.dir/build.make:97: recipe for target 'cmTC_0158f' failed
make[1]: *** [cmTC_0158f] Error 1
make[1]: Leaving directory '/workspace/mnt/storage/zhangziran/zhangzr2/motion_vector/build/CMakeFiles/CMakeTmp'
Makefile:126: recipe for target 'cmTC_0158f/fast' failed
make: *** [cmTC_0158f/fast] Error 2


